2021-05-26 11:08:45- INFO	 Starting SpringJdbcApplication using Java 14.0.2 on shubhamdes with PID 2428 (D:\1\SpringJdbc\target\classes started by shubhamdes in D:\1\SpringJdbc)
2021-05-26 11:08:45- INFO	 No active profile set, falling back to default profiles: default
2021-05-26 11:08:45- INFO	 The Class-Path manifest attribute in C:\Users\shubhamdes\.m2\repository\com\oracle\database\jdbc\ojdbc8\19.8.0.0\ojdbc8-19.8.0.0.jar referenced one or more files that do not exist: file:/C:/Users/shubhamdes/.m2/repository/com/oracle/database/jdbc/ojdbc8/19.8.0.0/oraclepki.jar
2021-05-26 11:08:45- INFO	 Devtools property defaults active! Set 'spring.devtools.add-properties' to 'false' to disable
2021-05-26 11:08:45- INFO	 For additional web related logging consider setting the 'logging.level.web' property to 'DEBUG'
2021-05-26 11:08:48- INFO	 Bootstrapping Spring Data JDBC repositories in DEFAULT mode.
2021-05-26 11:08:48- INFO	 Finished Spring Data repository scanning in 12 ms. Found 0 JDBC repository interfaces.
2021-05-26 11:08:49- INFO	 Tomcat initialized with port(s): 8080 (http)
2021-05-26 11:08:49- INFO	 Starting service [Tomcat]
2021-05-26 11:08:49- INFO	 Starting Servlet engine: [Apache Tomcat/9.0.45]
2021-05-26 11:08:49- INFO	 Initializing Spring embedded WebApplicationContext
2021-05-26 11:08:49- INFO	 Root WebApplicationContext: initialization completed in 3674 ms
2021-05-26 11:08:50- INFO	 Initializing ExecutorService 'applicationTaskExecutor'
2021-05-26 11:08:51- INFO	 LiveReload server is running on port 35729
2021-05-26 11:08:51- INFO	 HikariPool-1 - Starting...
2021-05-26 11:08:55- INFO	 HikariPool-1 - Start completed.
2021-05-26 11:08:55- INFO	 Tomcat started on port(s): 8080 (http) with context path ''
2021-05-26 11:08:56- INFO	 Started SpringJdbcApplication in 12.267 seconds (JVM running for 22.284)
2021-05-26 11:09:07- INFO	 Initializing Spring DispatcherServlet 'dispatcherServlet'
2021-05-26 11:09:07- INFO	 Initializing Servlet 'dispatcherServlet'
2021-05-26 11:09:07- INFO	 Completed initialization in 4 ms
2021-05-26 11:13:58- INFO	 Shutting down ExecutorService 'applicationTaskExecutor'
2021-05-26 11:13:58- INFO	 HikariPool-1 - Shutdown initiated...
2021-05-26 11:13:58- INFO	 HikariPool-1 - Shutdown completed.
2021-05-26 11:13:59- INFO	 Starting SpringJdbcApplication using Java 14.0.2 on shubhamdes with PID 2428 (D:\1\SpringJdbc\target\classes started by shubhamdes in D:\1\SpringJdbc)
2021-05-26 11:13:59- INFO	 No active profile set, falling back to default profiles: default
2021-05-26 11:14:00- INFO	 Bootstrapping Spring Data JDBC repositories in DEFAULT mode.
2021-05-26 11:14:00- INFO	 Finished Spring Data repository scanning in 3 ms. Found 0 JDBC repository interfaces.
2021-05-26 11:14:00- INFO	 Tomcat initialized with port(s): 8080 (http)
2021-05-26 11:14:00- INFO	 Starting service [Tomcat]
2021-05-26 11:14:00- INFO	 Starting Servlet engine: [Apache Tomcat/9.0.45]
2021-05-26 11:14:00- INFO	 Initializing Spring embedded WebApplicationContext
2021-05-26 11:14:00- INFO	 Root WebApplicationContext: initialization completed in 979 ms
2021-05-26 11:14:00- INFO	 Initializing ExecutorService 'applicationTaskExecutor'
2021-05-26 11:14:00- INFO	 LiveReload server is running on port 35729
2021-05-26 11:14:00- INFO	 HikariPool-2 - Starting...
2021-05-26 11:14:01- INFO	 HikariPool-2 - Start completed.
2021-05-26 11:14:01- INFO	 Tomcat started on port(s): 8080 (http) with context path ''
2021-05-26 11:14:01- INFO	 Started SpringJdbcApplication in 2.227 seconds (JVM running for 327.325)
2021-05-26 11:14:01- INFO	 Condition evaluation unchanged
2021-05-26 11:14:51- INFO	 Shutting down ExecutorService 'applicationTaskExecutor'
2021-05-26 11:14:51- INFO	 HikariPool-2 - Shutdown initiated...
2021-05-26 11:14:51- INFO	 HikariPool-2 - Shutdown completed.
2021-05-26 11:14:52- INFO	 Starting SpringJdbcApplication using Java 14.0.2 on shubhamdes with PID 2428 (D:\1\SpringJdbc\target\classes started by shubhamdes in D:\1\SpringJdbc)
2021-05-26 11:14:52- INFO	 No active profile set, falling back to default profiles: default
2021-05-26 11:14:52- INFO	 Bootstrapping Spring Data JDBC repositories in DEFAULT mode.
2021-05-26 11:14:52- INFO	 Finished Spring Data repository scanning in 2 ms. Found 0 JDBC repository interfaces.
2021-05-26 11:14:52- INFO	 Tomcat initialized with port(s): 8080 (http)
2021-05-26 11:14:52- INFO	 Starting service [Tomcat]
2021-05-26 11:14:52- INFO	 Starting Servlet engine: [Apache Tomcat/9.0.45]
2021-05-26 11:14:52- INFO	 Initializing Spring embedded WebApplicationContext
2021-05-26 11:14:52- INFO	 Root WebApplicationContext: initialization completed in 636 ms
2021-05-26 11:14:53- INFO	 Initializing ExecutorService 'applicationTaskExecutor'
2021-05-26 11:14:53- INFO	 LiveReload server is running on port 35729
2021-05-26 11:14:53- INFO	 HikariPool-3 - Starting...
2021-05-26 11:14:53- INFO	 HikariPool-3 - Start completed.
2021-05-26 11:14:53- INFO	 Tomcat started on port(s): 8080 (http) with context path ''
2021-05-26 11:14:53- INFO	 Started SpringJdbcApplication in 1.419 seconds (JVM running for 379.46)
2021-05-26 11:14:53- INFO	 Condition evaluation unchanged
2021-05-26 11:16:05- INFO	 Shutting down ExecutorService 'applicationTaskExecutor'
2021-05-26 11:16:05- INFO	 HikariPool-3 - Shutdown initiated...
2021-05-26 11:16:05- INFO	 HikariPool-3 - Shutdown completed.
2021-05-26 11:16:05- INFO	 Starting SpringJdbcApplication using Java 14.0.2 on shubhamdes with PID 2428 (D:\1\SpringJdbc\target\classes started by shubhamdes in D:\1\SpringJdbc)
2021-05-26 11:16:05- INFO	 No active profile set, falling back to default profiles: default
2021-05-26 11:16:05- INFO	 Bootstrapping Spring Data JDBC repositories in DEFAULT mode.
2021-05-26 11:16:05- INFO	 Finished Spring Data repository scanning in 3 ms. Found 0 JDBC repository interfaces.
2021-05-26 11:16:05- INFO	 Tomcat initialized with port(s): 8080 (http)
2021-05-26 11:16:05- INFO	 Starting service [Tomcat]
2021-05-26 11:16:05- INFO	 Starting Servlet engine: [Apache Tomcat/9.0.45]
2021-05-26 11:16:05- INFO	 Initializing Spring embedded WebApplicationContext
2021-05-26 11:16:05- INFO	 Root WebApplicationContext: initialization completed in 679 ms
2021-05-26 11:16:06- INFO	 Initializing ExecutorService 'applicationTaskExecutor'
2021-05-26 11:16:06- INFO	 LiveReload server is running on port 35729
2021-05-26 11:16:06- INFO	 HikariPool-4 - Starting...
2021-05-26 11:16:06- INFO	 HikariPool-4 - Start completed.
2021-05-26 11:16:06- INFO	 Tomcat started on port(s): 8080 (http) with context path ''
2021-05-26 11:16:06- INFO	 Started SpringJdbcApplication in 1.348 seconds (JVM running for 452.423)
2021-05-26 11:16:06- INFO	 Condition evaluation unchanged
2021-05-26 11:17:11- INFO	 Shutting down ExecutorService 'applicationTaskExecutor'
2021-05-26 11:17:11- INFO	 HikariPool-4 - Shutdown initiated...
2021-05-26 11:17:12- INFO	 HikariPool-4 - Shutdown completed.
2021-05-26 11:17:12- INFO	 Starting SpringJdbcApplication using Java 14.0.2 on shubhamdes with PID 2428 (D:\1\SpringJdbc\target\classes started by shubhamdes in D:\1\SpringJdbc)
2021-05-26 11:17:12- INFO	 No active profile set, falling back to default profiles: default
2021-05-26 11:17:12- INFO	 Bootstrapping Spring Data JDBC repositories in DEFAULT mode.
2021-05-26 11:17:12- INFO	 Finished Spring Data repository scanning in 3 ms. Found 0 JDBC repository interfaces.
2021-05-26 11:17:12- INFO	 Tomcat initialized with port(s): 8080 (http)
2021-05-26 11:17:12- INFO	 Starting service [Tomcat]
2021-05-26 11:17:12- INFO	 Starting Servlet engine: [Apache Tomcat/9.0.45]
2021-05-26 11:17:12- INFO	 Initializing Spring embedded WebApplicationContext
2021-05-26 11:17:12- INFO	 Root WebApplicationContext: initialization completed in 653 ms
2021-05-26 11:17:13- INFO	 Initializing ExecutorService 'applicationTaskExecutor'
2021-05-26 11:17:13- INFO	 LiveReload server is running on port 35729
2021-05-26 11:17:13- INFO	 HikariPool-5 - Starting...
2021-05-26 11:17:13- INFO	 HikariPool-5 - Start completed.
2021-05-26 11:17:13- INFO	 Tomcat started on port(s): 8080 (http) with context path ''
2021-05-26 11:17:13- INFO	 Started SpringJdbcApplication in 1.492 seconds (JVM running for 519.472)
2021-05-26 11:17:13- INFO	 Condition evaluation unchanged
2021-05-26 11:18:13- INFO	 Shutting down ExecutorService 'applicationTaskExecutor'
2021-05-26 11:18:13- INFO	 HikariPool-5 - Shutdown initiated...
2021-05-26 11:18:13- INFO	 HikariPool-5 - Shutdown completed.
2021-05-26 11:18:14- INFO	 Starting SpringJdbcApplication using Java 14.0.2 on shubhamdes with PID 2428 (D:\1\SpringJdbc\target\classes started by shubhamdes in D:\1\SpringJdbc)
2021-05-26 11:18:14- INFO	 No active profile set, falling back to default profiles: default
2021-05-26 11:18:14- INFO	 Bootstrapping Spring Data JDBC repositories in DEFAULT mode.
2021-05-26 11:18:14- INFO	 Finished Spring Data repository scanning in 4 ms. Found 0 JDBC repository interfaces.
2021-05-26 11:18:14- INFO	 Tomcat initialized with port(s): 8080 (http)
2021-05-26 11:18:14- INFO	 Starting service [Tomcat]
2021-05-26 11:18:14- INFO	 Starting Servlet engine: [Apache Tomcat/9.0.45]
2021-05-26 11:18:14- INFO	 Initializing Spring embedded WebApplicationContext
2021-05-26 11:18:14- INFO	 Root WebApplicationContext: initialization completed in 593 ms
2021-05-26 11:18:15- INFO	 Initializing ExecutorService 'applicationTaskExecutor'
2021-05-26 11:18:15- INFO	 LiveReload server is running on port 35729
2021-05-26 11:18:15- INFO	 HikariPool-6 - Starting...
2021-05-26 11:18:15- INFO	 HikariPool-6 - Start completed.
2021-05-26 11:18:15- INFO	 Tomcat started on port(s): 8080 (http) with context path ''
2021-05-26 11:18:15- INFO	 Started SpringJdbcApplication in 1.332 seconds (JVM running for 581.246)
2021-05-26 11:18:15- INFO	 Condition evaluation unchanged
2021-05-26 11:20:00- INFO	 Initializing Spring DispatcherServlet 'dispatcherServlet'
2021-05-26 11:20:00- INFO	 Initializing Servlet 'dispatcherServlet'
2021-05-26 11:20:00- INFO	 Completed initialization in 1 ms
2021-05-26 11:20:00- INFO	 Employee list found 
2021-05-26 11:20:42- INFO	 Shutting down ExecutorService 'applicationTaskExecutor'
2021-05-26 11:20:42- INFO	 HikariPool-6 - Shutdown initiated...
2021-05-26 11:20:42- INFO	 HikariPool-6 - Shutdown completed.
2021-05-26 11:20:43- INFO	 Starting SpringJdbcApplication using Java 14.0.2 on shubhamdes with PID 2428 (D:\1\SpringJdbc\target\classes started by shubhamdes in D:\1\SpringJdbc)
2021-05-26 11:20:43- INFO	 No active profile set, falling back to default profiles: default
2021-05-26 11:20:43- INFO	 Bootstrapping Spring Data JDBC repositories in DEFAULT mode.
2021-05-26 11:20:43- INFO	 Finished Spring Data repository scanning in 3 ms. Found 0 JDBC repository interfaces.
2021-05-26 11:20:43- INFO	 Tomcat initialized with port(s): 8080 (http)
2021-05-26 11:20:43- INFO	 Starting service [Tomcat]
2021-05-26 11:20:43- INFO	 Starting Servlet engine: [Apache Tomcat/9.0.45]
2021-05-26 11:20:43- INFO	 Initializing Spring embedded WebApplicationContext
2021-05-26 11:20:43- INFO	 Root WebApplicationContext: initialization completed in 768 ms
2021-05-26 11:20:44- INFO	 Initializing ExecutorService 'applicationTaskExecutor'
2021-05-26 11:20:44- INFO	 LiveReload server is running on port 35729
2021-05-26 11:20:44- INFO	 HikariPool-7 - Starting...
2021-05-26 11:20:44- INFO	 HikariPool-7 - Start completed.
2021-05-26 11:20:44- INFO	 Tomcat started on port(s): 8080 (http) with context path ''
2021-05-26 11:20:44- INFO	 Started SpringJdbcApplication in 1.783 seconds (JVM running for 730.601)
2021-05-26 11:20:44- INFO	 Condition evaluation unchanged
2021-05-26 11:23:07- INFO	 Shutting down ExecutorService 'applicationTaskExecutor'
2021-05-26 11:23:07- INFO	 HikariPool-7 - Shutdown initiated...
2021-05-26 11:23:08- INFO	 HikariPool-7 - Shutdown completed.
2021-05-26 11:23:08- INFO	 Starting SpringJdbcApplication using Java 14.0.2 on shubhamdes with PID 2428 (D:\1\SpringJdbc\target\classes started by shubhamdes in D:\1\SpringJdbc)
2021-05-26 11:23:08- INFO	 No active profile set, falling back to default profiles: default
2021-05-26 11:23:08- INFO	 Bootstrapping Spring Data JDBC repositories in DEFAULT mode.
2021-05-26 11:23:08- INFO	 Finished Spring Data repository scanning in 2 ms. Found 0 JDBC repository interfaces.
2021-05-26 11:23:08- INFO	 Tomcat initialized with port(s): 8080 (http)
2021-05-26 11:23:08- INFO	 Starting service [Tomcat]
2021-05-26 11:23:08- INFO	 Starting Servlet engine: [Apache Tomcat/9.0.45]
2021-05-26 11:23:08- INFO	 Initializing Spring embedded WebApplicationContext
2021-05-26 11:23:08- INFO	 Root WebApplicationContext: initialization completed in 556 ms
2021-05-26 11:23:08- INFO	 Initializing ExecutorService 'applicationTaskExecutor'
2021-05-26 11:23:09- INFO	 LiveReload server is running on port 35729
2021-05-26 11:23:09- INFO	 HikariPool-8 - Starting...
2021-05-26 11:23:09- INFO	 HikariPool-8 - Start completed.
2021-05-26 11:23:09- INFO	 Tomcat started on port(s): 8080 (http) with context path ''
2021-05-26 11:23:09- INFO	 Started SpringJdbcApplication in 1.203 seconds (JVM running for 875.177)
2021-05-26 11:23:09- INFO	 Condition evaluation unchanged
2021-05-26 11:23:28- INFO	 Initializing Spring DispatcherServlet 'dispatcherServlet'
2021-05-26 11:23:28- INFO	 Initializing Servlet 'dispatcherServlet'
2021-05-26 11:23:28- INFO	 Completed initialization in 1 ms
2021-05-26 11:23:28- INFO	 Employee list found 
2021-05-26 11:30:26- INFO	 Shutting down ExecutorService 'applicationTaskExecutor'
2021-05-26 11:30:26- INFO	 HikariPool-8 - Shutdown initiated...
2021-05-26 11:30:26- INFO	 HikariPool-8 - Shutdown completed.
2021-05-26 11:30:26- INFO	 Starting SpringJdbcApplication using Java 14.0.2 on shubhamdes with PID 2428 (D:\1\SpringJdbc\target\classes started by shubhamdes in D:\1\SpringJdbc)
2021-05-26 11:30:26- INFO	 No active profile set, falling back to default profiles: default
2021-05-26 11:30:26- INFO	 Bootstrapping Spring Data JDBC repositories in DEFAULT mode.
2021-05-26 11:30:26- INFO	 Finished Spring Data repository scanning in 3 ms. Found 0 JDBC repository interfaces.
2021-05-26 11:30:26- INFO	 Tomcat initialized with port(s): 8080 (http)
2021-05-26 11:30:26- INFO	 Starting service [Tomcat]
2021-05-26 11:30:26- INFO	 Starting Servlet engine: [Apache Tomcat/9.0.45]
2021-05-26 11:30:26- INFO	 Initializing Spring embedded WebApplicationContext
2021-05-26 11:30:26- INFO	 Root WebApplicationContext: initialization completed in 630 ms
2021-05-26 11:30:27- INFO	 Initializing ExecutorService 'applicationTaskExecutor'
2021-05-26 11:30:27- INFO	 LiveReload server is running on port 35729
2021-05-26 11:30:27- INFO	 HikariPool-9 - Starting...
2021-05-26 11:30:27- INFO	 HikariPool-9 - Start completed.
2021-05-26 11:30:27- INFO	 Tomcat started on port(s): 8080 (http) with context path ''
2021-05-26 11:30:27- INFO	 Started SpringJdbcApplication in 1.257 seconds (JVM running for 1313.294)
2021-05-26 11:30:27- INFO	 Condition evaluation unchanged
2021-05-26 11:30:41- INFO	 Initializing Spring DispatcherServlet 'dispatcherServlet'
2021-05-26 11:30:41- INFO	 Initializing Servlet 'dispatcherServlet'
2021-05-26 11:30:41- INFO	 Completed initialization in 1 ms
2021-05-26 11:34:15- INFO	 Shutting down ExecutorService 'applicationTaskExecutor'
2021-05-26 11:34:15- INFO	 HikariPool-9 - Shutdown initiated...
2021-05-26 11:34:15- INFO	 HikariPool-9 - Shutdown completed.
2021-05-26 11:34:15- INFO	 Starting SpringJdbcApplication using Java 14.0.2 on shubhamdes with PID 2428 (D:\1\SpringJdbc\target\classes started by shubhamdes in D:\1\SpringJdbc)
2021-05-26 11:34:15- INFO	 No active profile set, falling back to default profiles: default
2021-05-26 11:34:15- INFO	 Bootstrapping Spring Data JDBC repositories in DEFAULT mode.
2021-05-26 11:34:15- INFO	 Finished Spring Data repository scanning in 2 ms. Found 0 JDBC repository interfaces.
2021-05-26 11:34:15- INFO	 Tomcat initialized with port(s): 8080 (http)
2021-05-26 11:34:15- INFO	 Starting service [Tomcat]
2021-05-26 11:34:15- INFO	 Starting Servlet engine: [Apache Tomcat/9.0.45]
2021-05-26 11:34:15- INFO	 Initializing Spring embedded WebApplicationContext
2021-05-26 11:34:15- INFO	 Root WebApplicationContext: initialization completed in 580 ms
2021-05-26 11:34:16- INFO	 Initializing ExecutorService 'applicationTaskExecutor'
2021-05-26 11:34:16- INFO	 LiveReload server is running on port 35729
2021-05-26 11:34:16- INFO	 HikariPool-10 - Starting...
2021-05-26 11:34:16- INFO	 HikariPool-10 - Start completed.
2021-05-26 11:34:16- INFO	 Tomcat started on port(s): 8080 (http) with context path ''
2021-05-26 11:34:16- INFO	 Started SpringJdbcApplication in 1.251 seconds (JVM running for 1542.359)
2021-05-26 11:34:16- INFO	 Condition evaluation unchanged
2021-05-26 11:36:18- INFO	 Initializing Spring DispatcherServlet 'dispatcherServlet'
2021-05-26 11:36:18- INFO	 Initializing Servlet 'dispatcherServlet'
2021-05-26 11:36:18- INFO	 Completed initialization in 1 ms
2021-05-26 11:37:41- INFO	 Shutting down ExecutorService 'applicationTaskExecutor'
2021-05-26 11:37:41- INFO	 HikariPool-10 - Shutdown initiated...
2021-05-26 11:37:41- INFO	 HikariPool-10 - Shutdown completed.
2021-05-26 11:37:41- INFO	 Starting SpringJdbcApplication using Java 14.0.2 on shubhamdes with PID 2428 (D:\1\SpringJdbc\target\classes started by shubhamdes in D:\1\SpringJdbc)
2021-05-26 11:37:41- INFO	 No active profile set, falling back to default profiles: default
2021-05-26 11:37:41- INFO	 Bootstrapping Spring Data JDBC repositories in DEFAULT mode.
2021-05-26 11:37:41- INFO	 Finished Spring Data repository scanning in 3 ms. Found 0 JDBC repository interfaces.
2021-05-26 11:37:41- INFO	 Tomcat initialized with port(s): 8080 (http)
2021-05-26 11:37:41- INFO	 Starting service [Tomcat]
2021-05-26 11:37:41- INFO	 Starting Servlet engine: [Apache Tomcat/9.0.45]
2021-05-26 11:37:41- INFO	 Initializing Spring embedded WebApplicationContext
2021-05-26 11:37:41- INFO	 Root WebApplicationContext: initialization completed in 558 ms
2021-05-26 11:37:42- INFO	 Initializing ExecutorService 'applicationTaskExecutor'
2021-05-26 11:37:42- INFO	 LiveReload server is running on port 35729
2021-05-26 11:37:42- INFO	 HikariPool-11 - Starting...
2021-05-26 11:37:42- INFO	 HikariPool-11 - Start completed.
2021-05-26 11:37:42- INFO	 Tomcat started on port(s): 8080 (http) with context path ''
2021-05-26 11:37:42- INFO	 Started SpringJdbcApplication in 1.573 seconds (JVM running for 1748.783)
2021-05-26 11:37:42- INFO	 Condition evaluation unchanged
2021-05-26 11:40:21- INFO	 Shutting down ExecutorService 'applicationTaskExecutor'
2021-05-26 11:40:21- INFO	 HikariPool-11 - Shutdown initiated...
2021-05-26 11:40:21- INFO	 HikariPool-11 - Shutdown completed.
2021-05-26 11:40:22- INFO	 Starting SpringJdbcApplication using Java 14.0.2 on shubhamdes with PID 2428 (D:\1\SpringJdbc\target\classes started by shubhamdes in D:\1\SpringJdbc)
2021-05-26 11:40:22- INFO	 No active profile set, falling back to default profiles: default
2021-05-26 11:40:22- INFO	 Bootstrapping Spring Data JDBC repositories in DEFAULT mode.
2021-05-26 11:40:22- INFO	 Finished Spring Data repository scanning in 3 ms. Found 0 JDBC repository interfaces.
2021-05-26 11:40:22- INFO	 Tomcat initialized with port(s): 8080 (http)
2021-05-26 11:40:22- INFO	 Starting service [Tomcat]
2021-05-26 11:40:22- INFO	 Starting Servlet engine: [Apache Tomcat/9.0.45]
2021-05-26 11:40:22- INFO	 Initializing Spring embedded WebApplicationContext
2021-05-26 11:40:22- INFO	 Root WebApplicationContext: initialization completed in 552 ms
2021-05-26 11:40:23- INFO	 Initializing ExecutorService 'applicationTaskExecutor'
2021-05-26 11:40:23- INFO	 LiveReload server is running on port 35729
2021-05-26 11:40:23- INFO	 HikariPool-12 - Starting...
2021-05-26 11:40:23- INFO	 HikariPool-12 - Start completed.
2021-05-26 11:40:23- INFO	 Tomcat started on port(s): 8080 (http) with context path ''
2021-05-26 11:40:23- INFO	 Started SpringJdbcApplication in 1.178 seconds (JVM running for 1909.263)
2021-05-26 11:40:23- INFO	 Condition evaluation unchanged
2021-05-26 12:01:44- INFO	 Initializing Spring DispatcherServlet 'dispatcherServlet'
2021-05-26 12:01:44- INFO	 Initializing Servlet 'dispatcherServlet'
2021-05-26 12:01:44- INFO	 Completed initialization in 1 ms
2021-05-26 12:03:16- INFO	 Shutting down ExecutorService 'applicationTaskExecutor'
2021-05-26 12:03:16- INFO	 HikariPool-12 - Shutdown initiated...
2021-05-26 12:03:16- INFO	 HikariPool-12 - Shutdown completed.
2021-05-26 12:03:16- INFO	 Starting SpringJdbcApplication using Java 14.0.2 on shubhamdes with PID 2428 (D:\1\SpringJdbc\target\classes started by shubhamdes in D:\1\SpringJdbc)
2021-05-26 12:03:16- INFO	 No active profile set, falling back to default profiles: default
2021-05-26 12:03:17- INFO	 Bootstrapping Spring Data JDBC repositories in DEFAULT mode.
2021-05-26 12:03:17- INFO	 Finished Spring Data repository scanning in 3 ms. Found 0 JDBC repository interfaces.
2021-05-26 12:03:17- INFO	 Tomcat initialized with port(s): 8080 (http)
2021-05-26 12:03:17- INFO	 Starting service [Tomcat]
2021-05-26 12:03:17- INFO	 Starting Servlet engine: [Apache Tomcat/9.0.45]
2021-05-26 12:03:17- INFO	 Initializing Spring embedded WebApplicationContext
2021-05-26 12:03:17- INFO	 Root WebApplicationContext: initialization completed in 567 ms
2021-05-26 12:03:17- INFO	 Initializing ExecutorService 'applicationTaskExecutor'
2021-05-26 12:03:17- INFO	 LiveReload server is running on port 35729
2021-05-26 12:03:17- INFO	 HikariPool-13 - Starting...
2021-05-26 12:03:17- INFO	 HikariPool-13 - Start completed.
2021-05-26 12:03:17- INFO	 Tomcat started on port(s): 8080 (http) with context path ''
2021-05-26 12:03:18- INFO	 Started SpringJdbcApplication in 1.187 seconds (JVM running for 3283.941)
2021-05-26 12:03:18- INFO	 Condition evaluation unchanged
2021-05-26 12:04:15- INFO	 Shutting down ExecutorService 'applicationTaskExecutor'
2021-05-26 12:04:15- INFO	 HikariPool-13 - Shutdown initiated...
2021-05-26 12:04:15- INFO	 HikariPool-13 - Shutdown completed.
2021-05-26 12:04:16- INFO	 Starting SpringJdbcApplication using Java 14.0.2 on shubhamdes with PID 2428 (D:\1\SpringJdbc\target\classes started by shubhamdes in D:\1\SpringJdbc)
2021-05-26 12:04:16- INFO	 No active profile set, falling back to default profiles: default
2021-05-26 12:04:16- INFO	 Bootstrapping Spring Data JDBC repositories in DEFAULT mode.
2021-05-26 12:04:16- INFO	 Finished Spring Data repository scanning in 2 ms. Found 0 JDBC repository interfaces.
2021-05-26 12:04:16- INFO	 Tomcat initialized with port(s): 8080 (http)
2021-05-26 12:04:16- INFO	 Starting service [Tomcat]
2021-05-26 12:04:16- INFO	 Starting Servlet engine: [Apache Tomcat/9.0.45]
2021-05-26 12:04:16- INFO	 Initializing Spring embedded WebApplicationContext
2021-05-26 12:04:16- INFO	 Root WebApplicationContext: initialization completed in 664 ms
2021-05-26 12:04:16- INFO	 Initializing ExecutorService 'applicationTaskExecutor'
2021-05-26 12:04:16- INFO	 LiveReload server is running on port 35729
2021-05-26 12:04:17- INFO	 HikariPool-14 - Starting...
2021-05-26 12:04:17- INFO	 HikariPool-14 - Start completed.
2021-05-26 12:04:17- INFO	 Tomcat started on port(s): 8080 (http) with context path ''
2021-05-26 12:04:17- INFO	 Started SpringJdbcApplication in 1.223 seconds (JVM running for 3343.162)
2021-05-26 12:04:17- INFO	 Condition evaluation unchanged
2021-05-26 12:04:23- INFO	 Initializing Spring DispatcherServlet 'dispatcherServlet'
2021-05-26 12:04:23- INFO	 Initializing Servlet 'dispatcherServlet'
2021-05-26 12:04:23- INFO	 Completed initialization in 1 ms
2021-05-26 12:05:33- INFO	 Shutting down ExecutorService 'applicationTaskExecutor'
2021-05-26 12:05:33- INFO	 HikariPool-14 - Shutdown initiated...
2021-05-26 12:05:33- INFO	 HikariPool-14 - Shutdown completed.
2021-05-26 12:05:33- INFO	 Starting SpringJdbcApplication using Java 14.0.2 on shubhamdes with PID 2428 (D:\1\SpringJdbc\target\classes started by shubhamdes in D:\1\SpringJdbc)
2021-05-26 12:05:33- INFO	 No active profile set, falling back to default profiles: default
2021-05-26 12:05:34- INFO	 Bootstrapping Spring Data JDBC repositories in DEFAULT mode.
2021-05-26 12:05:34- INFO	 Finished Spring Data repository scanning in 3 ms. Found 0 JDBC repository interfaces.
2021-05-26 12:05:34- INFO	 Tomcat initialized with port(s): 8080 (http)
2021-05-26 12:05:34- INFO	 Starting service [Tomcat]
2021-05-26 12:05:34- INFO	 Starting Servlet engine: [Apache Tomcat/9.0.45]
2021-05-26 12:05:34- INFO	 Initializing Spring embedded WebApplicationContext
2021-05-26 12:05:34- INFO	 Root WebApplicationContext: initialization completed in 665 ms
2021-05-26 12:05:34- INFO	 Initializing ExecutorService 'applicationTaskExecutor'
2021-05-26 12:05:34- INFO	 LiveReload server is running on port 35729
2021-05-26 12:05:34- INFO	 HikariPool-15 - Starting...
2021-05-26 12:05:34- INFO	 HikariPool-15 - Start completed.
2021-05-26 12:05:34- INFO	 Tomcat started on port(s): 8080 (http) with context path ''
2021-05-26 12:05:34- INFO	 Started SpringJdbcApplication in 1.275 seconds (JVM running for 3420.728)
2021-05-26 12:05:34- INFO	 Condition evaluation unchanged
2021-05-26 12:05:42- INFO	 Initializing Spring DispatcherServlet 'dispatcherServlet'
2021-05-26 12:05:42- INFO	 Initializing Servlet 'dispatcherServlet'
2021-05-26 12:05:42- INFO	 Completed initialization in 2 ms
2021-05-26 12:07:51- INFO	 Shutting down ExecutorService 'applicationTaskExecutor'
2021-05-26 12:07:51- INFO	 HikariPool-15 - Shutdown initiated...
2021-05-26 12:07:51- INFO	 HikariPool-15 - Shutdown completed.
2021-05-26 12:07:51- INFO	 Starting SpringJdbcApplication using Java 14.0.2 on shubhamdes with PID 2428 (D:\1\SpringJdbc\target\classes started by shubhamdes in D:\1\SpringJdbc)
2021-05-26 12:07:51- INFO	 No active profile set, falling back to default profiles: default
2021-05-26 12:07:52- INFO	 Bootstrapping Spring Data JDBC repositories in DEFAULT mode.
2021-05-26 12:07:52- INFO	 Finished Spring Data repository scanning in 3 ms. Found 0 JDBC repository interfaces.
2021-05-26 12:07:52- INFO	 Tomcat initialized with port(s): 8080 (http)
2021-05-26 12:07:52- INFO	 Starting service [Tomcat]
2021-05-26 12:07:52- INFO	 Starting Servlet engine: [Apache Tomcat/9.0.45]
2021-05-26 12:07:52- INFO	 Initializing Spring embedded WebApplicationContext
2021-05-26 12:07:52- INFO	 Root WebApplicationContext: initialization completed in 637 ms
2021-05-26 12:07:52- INFO	 Initializing ExecutorService 'applicationTaskExecutor'
2021-05-26 12:07:52- INFO	 LiveReload server is running on port 35729
2021-05-26 12:07:52- INFO	 HikariPool-16 - Starting...
2021-05-26 12:07:52- INFO	 HikariPool-16 - Start completed.
2021-05-26 12:07:52- INFO	 Tomcat started on port(s): 8080 (http) with context path ''
2021-05-26 12:07:53- INFO	 Started SpringJdbcApplication in 1.406 seconds (JVM running for 3558.948)
2021-05-26 12:07:53- INFO	 Condition evaluation unchanged
2021-05-26 12:08:01- INFO	 Initializing Spring DispatcherServlet 'dispatcherServlet'
2021-05-26 12:08:01- INFO	 Initializing Servlet 'dispatcherServlet'
2021-05-26 12:08:01- INFO	 Completed initialization in 1 ms
2021-05-26 12:09:19- INFO	 Shutting down ExecutorService 'applicationTaskExecutor'
2021-05-26 12:09:19- INFO	 HikariPool-16 - Shutdown initiated...
2021-05-26 12:09:19- INFO	 HikariPool-16 - Shutdown completed.
2021-05-26 12:09:20- INFO	 Starting SpringJdbcApplication using Java 14.0.2 on shubhamdes with PID 2428 (D:\1\SpringJdbc\target\classes started by shubhamdes in D:\1\SpringJdbc)
2021-05-26 12:09:20- INFO	 No active profile set, falling back to default profiles: default
2021-05-26 12:09:20- INFO	 Bootstrapping Spring Data JDBC repositories in DEFAULT mode.
2021-05-26 12:09:20- INFO	 Finished Spring Data repository scanning in 3 ms. Found 0 JDBC repository interfaces.
2021-05-26 12:09:20- INFO	 Tomcat initialized with port(s): 8080 (http)
2021-05-26 12:09:20- INFO	 Starting service [Tomcat]
2021-05-26 12:09:20- INFO	 Starting Servlet engine: [Apache Tomcat/9.0.45]
2021-05-26 12:09:20- INFO	 Initializing Spring embedded WebApplicationContext
2021-05-26 12:09:20- INFO	 Root WebApplicationContext: initialization completed in 650 ms
2021-05-26 12:09:21- INFO	 Initializing ExecutorService 'applicationTaskExecutor'
2021-05-26 12:09:21- INFO	 LiveReload server is running on port 35729
2021-05-26 12:09:21- INFO	 HikariPool-17 - Starting...
2021-05-26 12:09:21- INFO	 HikariPool-17 - Start completed.
2021-05-26 12:09:21- INFO	 Tomcat started on port(s): 8080 (http) with context path ''
2021-05-26 12:09:21- INFO	 Started SpringJdbcApplication in 1.294 seconds (JVM running for 3647.209)
2021-05-26 12:09:21- INFO	 Condition evaluation unchanged
2021-05-26 12:10:07- INFO	 Shutting down ExecutorService 'applicationTaskExecutor'
2021-05-26 12:10:07- INFO	 HikariPool-17 - Shutdown initiated...
2021-05-26 12:10:07- INFO	 HikariPool-17 - Shutdown completed.
2021-05-26 12:10:08- INFO	 Starting SpringJdbcApplication using Java 14.0.2 on shubhamdes with PID 2428 (D:\1\SpringJdbc\target\classes started by shubhamdes in D:\1\SpringJdbc)
2021-05-26 12:10:08- INFO	 No active profile set, falling back to default profiles: default
2021-05-26 12:10:08- INFO	 Bootstrapping Spring Data JDBC repositories in DEFAULT mode.
2021-05-26 12:10:08- INFO	 Finished Spring Data repository scanning in 3 ms. Found 0 JDBC repository interfaces.
2021-05-26 12:10:08- INFO	 Tomcat initialized with port(s): 8080 (http)
2021-05-26 12:10:08- INFO	 Starting service [Tomcat]
2021-05-26 12:10:08- INFO	 Starting Servlet engine: [Apache Tomcat/9.0.45]
2021-05-26 12:10:08- INFO	 Initializing Spring embedded WebApplicationContext
2021-05-26 12:10:08- INFO	 Root WebApplicationContext: initialization completed in 629 ms
2021-05-26 12:10:08- INFO	 Initializing ExecutorService 'applicationTaskExecutor'
2021-05-26 12:10:08- INFO	 LiveReload server is running on port 35729
2021-05-26 12:10:09- INFO	 HikariPool-18 - Starting...
2021-05-26 12:10:09- INFO	 HikariPool-18 - Start completed.
2021-05-26 12:10:09- INFO	 Tomcat started on port(s): 8080 (http) with context path ''
2021-05-26 12:10:09- INFO	 Started SpringJdbcApplication in 1.22 seconds (JVM running for 3695.214)
2021-05-26 12:10:09- INFO	 Condition evaluation unchanged
2021-05-26 12:10:26- INFO	 Shutting down ExecutorService 'applicationTaskExecutor'
2021-05-26 12:10:26- INFO	 HikariPool-18 - Shutdown initiated...
2021-05-26 12:10:26- INFO	 HikariPool-18 - Shutdown completed.
2021-05-26 12:10:26- INFO	 Starting SpringJdbcApplication using Java 14.0.2 on shubhamdes with PID 2428 (D:\1\SpringJdbc\target\classes started by shubhamdes in D:\1\SpringJdbc)
2021-05-26 12:10:26- INFO	 No active profile set, falling back to default profiles: default
2021-05-26 12:10:26- INFO	 Bootstrapping Spring Data JDBC repositories in DEFAULT mode.
2021-05-26 12:10:26- INFO	 Finished Spring Data repository scanning in 4 ms. Found 0 JDBC repository interfaces.
2021-05-26 12:10:26- INFO	 Tomcat initialized with port(s): 8080 (http)
2021-05-26 12:10:26- INFO	 Starting service [Tomcat]
2021-05-26 12:10:26- INFO	 Starting Servlet engine: [Apache Tomcat/9.0.45]
2021-05-26 12:10:27- INFO	 Initializing Spring embedded WebApplicationContext
2021-05-26 12:10:27- INFO	 Root WebApplicationContext: initialization completed in 562 ms
2021-05-26 12:10:27- INFO	 Initializing ExecutorService 'applicationTaskExecutor'
2021-05-26 12:10:27- INFO	 LiveReload server is running on port 35729
2021-05-26 12:10:27- INFO	 HikariPool-19 - Starting...
2021-05-26 12:10:27- INFO	 HikariPool-19 - Start completed.
2021-05-26 12:10:27- INFO	 Tomcat started on port(s): 8080 (http) with context path ''
2021-05-26 12:10:27- INFO	 Started SpringJdbcApplication in 1.123 seconds (JVM running for 3713.462)
2021-05-26 12:10:27- INFO	 Condition evaluation unchanged
2021-05-26 12:10:42- INFO	 Initializing Spring DispatcherServlet 'dispatcherServlet'
2021-05-26 12:10:42- INFO	 Initializing Servlet 'dispatcherServlet'
2021-05-26 12:10:42- INFO	 Completed initialization in 1 ms
2021-05-26 12:11:03- INFO	 Shutting down ExecutorService 'applicationTaskExecutor'
2021-05-26 12:11:03- INFO	 HikariPool-19 - Shutdown initiated...
2021-05-26 12:11:03- INFO	 HikariPool-19 - Shutdown completed.
2021-05-26 12:11:04- INFO	 Starting SpringJdbcApplication using Java 14.0.2 on shubhamdes with PID 2428 (D:\1\SpringJdbc\target\classes started by shubhamdes in D:\1\SpringJdbc)
2021-05-26 12:11:04- INFO	 No active profile set, falling back to default profiles: default
2021-05-26 12:11:04- INFO	 Bootstrapping Spring Data JDBC repositories in DEFAULT mode.
2021-05-26 12:11:04- INFO	 Finished Spring Data repository scanning in 4 ms. Found 0 JDBC repository interfaces.
2021-05-26 12:11:04- INFO	 Tomcat initialized with port(s): 8080 (http)
2021-05-26 12:11:04- INFO	 Starting service [Tomcat]
2021-05-26 12:11:04- INFO	 Starting Servlet engine: [Apache Tomcat/9.0.45]
2021-05-26 12:11:04- INFO	 Initializing Spring embedded WebApplicationContext
2021-05-26 12:11:04- INFO	 Root WebApplicationContext: initialization completed in 646 ms
2021-05-26 12:11:04- INFO	 Initializing ExecutorService 'applicationTaskExecutor'
2021-05-26 12:11:04- INFO	 LiveReload server is running on port 35729
2021-05-26 12:11:05- INFO	 HikariPool-20 - Starting...
2021-05-26 12:11:05- INFO	 HikariPool-20 - Start completed.
2021-05-26 12:11:05- INFO	 Tomcat started on port(s): 8080 (http) with context path ''
2021-05-26 12:11:05- INFO	 Started SpringJdbcApplication in 1.278 seconds (JVM running for 3751.17)
2021-05-26 12:11:05- INFO	 Condition evaluation unchanged
2021-05-26 13:18:57- INFO	 Application shutdown requested.
2021-05-26 13:18:57- INFO	 Shutting down ExecutorService 'applicationTaskExecutor'
2021-05-26 13:18:57- INFO	 HikariPool-20 - Shutdown initiated...
2021-05-26 13:18:57- INFO	 HikariPool-20 - Shutdown completed.
2021-05-26 13:43:49- INFO	 Starting SpringJdbcApplication using Java 14.0.2 on shubhamdes with PID 8152 (D:\1\SpringJdbc\target\classes started by shubhamdes in D:\1\SpringJdbc)
2021-05-26 13:43:49- INFO	 No active profile set, falling back to default profiles: default
2021-05-26 13:43:49- INFO	 The Class-Path manifest attribute in C:\Users\shubhamdes\.m2\repository\com\oracle\database\jdbc\ojdbc8\19.8.0.0\ojdbc8-19.8.0.0.jar referenced one or more files that do not exist: file:/C:/Users/shubhamdes/.m2/repository/com/oracle/database/jdbc/ojdbc8/19.8.0.0/oraclepki.jar
2021-05-26 13:43:49- INFO	 Devtools property defaults active! Set 'spring.devtools.add-properties' to 'false' to disable
2021-05-26 13:43:49- INFO	 For additional web related logging consider setting the 'logging.level.web' property to 'DEBUG'
2021-05-26 13:43:51- INFO	 Bootstrapping Spring Data JDBC repositories in DEFAULT mode.
2021-05-26 13:43:51- INFO	 Finished Spring Data repository scanning in 9 ms. Found 0 JDBC repository interfaces.
2021-05-26 13:43:53- INFO	 Tomcat initialized with port(s): 8080 (http)
2021-05-26 13:43:53- INFO	 Starting service [Tomcat]
2021-05-26 13:43:53- INFO	 Starting Servlet engine: [Apache Tomcat/9.0.45]
2021-05-26 13:43:54- INFO	 Initializing Spring embedded WebApplicationContext
2021-05-26 13:43:54- INFO	 Root WebApplicationContext: initialization completed in 4618 ms
2021-05-26 13:43:55- INFO	 Initializing ExecutorService 'applicationTaskExecutor'
2021-05-26 13:43:55- INFO	 LiveReload server is running on port 35729
2021-05-26 13:43:55- INFO	 HikariPool-1 - Starting...
2021-05-26 13:43:56- INFO	 HikariPool-1 - Start completed.
2021-05-26 13:43:56- INFO	 Tomcat started on port(s): 8080 (http) with context path ''
2021-05-26 13:43:57- INFO	 Started SpringJdbcApplication in 8.234 seconds (JVM running for 9.522)
2021-05-26 13:45:24- INFO	 Initializing Spring DispatcherServlet 'dispatcherServlet'
2021-05-26 13:45:24- INFO	 Initializing Servlet 'dispatcherServlet'
2021-05-26 13:45:24- INFO	 Completed initialization in 1 ms
2021-05-26 13:45:40- INFO	 Employee list found 
2021-05-26 13:46:15- INFO	 Application shutdown requested.
2021-05-26 13:46:15- INFO	 Shutting down ExecutorService 'applicationTaskExecutor'
2021-05-26 13:46:15- INFO	 HikariPool-1 - Shutdown initiated...
2021-05-26 13:46:15- INFO	 HikariPool-1 - Shutdown completed.
2021-05-26 13:52:47- INFO	 Starting SpringJdbcApplication using Java 14.0.2 on shubhamdes with PID 9580 (D:\1\SpringJdbc\target\classes started by shubhamdes in D:\1\SpringJdbc)
2021-05-26 13:52:47- INFO	 No active profile set, falling back to default profiles: default
2021-05-26 13:52:47- INFO	 The Class-Path manifest attribute in C:\Users\shubhamdes\.m2\repository\com\oracle\database\jdbc\ojdbc8\19.8.0.0\ojdbc8-19.8.0.0.jar referenced one or more files that do not exist: file:/C:/Users/shubhamdes/.m2/repository/com/oracle/database/jdbc/ojdbc8/19.8.0.0/oraclepki.jar
2021-05-26 13:52:47- INFO	 Devtools property defaults active! Set 'spring.devtools.add-properties' to 'false' to disable
2021-05-26 13:52:47- INFO	 For additional web related logging consider setting the 'logging.level.web' property to 'DEBUG'
2021-05-26 13:52:49- INFO	 Bootstrapping Spring Data JDBC repositories in DEFAULT mode.
2021-05-26 13:52:49- INFO	 Finished Spring Data repository scanning in 9 ms. Found 0 JDBC repository interfaces.
2021-05-26 13:52:49- INFO	 Tomcat initialized with port(s): 8080 (http)
2021-05-26 13:52:49- INFO	 Starting service [Tomcat]
2021-05-26 13:52:49- INFO	 Starting Servlet engine: [Apache Tomcat/9.0.45]
2021-05-26 13:52:49- INFO	 Initializing Spring embedded WebApplicationContext
2021-05-26 13:52:49- INFO	 Root WebApplicationContext: initialization completed in 2150 ms
2021-05-26 13:52:50- INFO	 Initializing ExecutorService 'applicationTaskExecutor'
2021-05-26 13:52:50- INFO	 LiveReload server is running on port 35729
2021-05-26 13:52:51- INFO	 HikariPool-1 - Starting...
2021-05-26 13:52:51- INFO	 HikariPool-1 - Start completed.
2021-05-26 13:52:51- INFO	 Tomcat started on port(s): 8080 (http) with context path ''
2021-05-26 13:52:52- INFO	 Started SpringJdbcApplication in 5.443 seconds (JVM running for 6.7)
2021-05-26 13:53:04- INFO	 Initializing Spring DispatcherServlet 'dispatcherServlet'
2021-05-26 13:53:04- INFO	 Initializing Servlet 'dispatcherServlet'
2021-05-26 13:53:04- INFO	 Completed initialization in 3 ms
2021-05-26 13:57:22- INFO	 Shutting down ExecutorService 'applicationTaskExecutor'
2021-05-26 13:57:22- INFO	 HikariPool-1 - Shutdown initiated...
2021-05-26 13:57:22- INFO	 HikariPool-1 - Shutdown completed.
2021-05-26 13:57:22- INFO	 Starting SpringJdbcApplication using Java 14.0.2 on shubhamdes with PID 9580 (D:\1\SpringJdbc\target\classes started by shubhamdes in D:\1\SpringJdbc)
2021-05-26 13:57:22- INFO	 No active profile set, falling back to default profiles: default
2021-05-26 13:57:23- INFO	 Bootstrapping Spring Data JDBC repositories in DEFAULT mode.
2021-05-26 13:57:23- INFO	 Finished Spring Data repository scanning in 3 ms. Found 0 JDBC repository interfaces.
2021-05-26 13:57:23- INFO	 Tomcat initialized with port(s): 8080 (http)
2021-05-26 13:57:23- INFO	 Starting service [Tomcat]
2021-05-26 13:57:23- INFO	 Starting Servlet engine: [Apache Tomcat/9.0.45]
2021-05-26 13:57:23- INFO	 Initializing Spring embedded WebApplicationContext
2021-05-26 13:57:23- INFO	 Root WebApplicationContext: initialization completed in 693 ms
2021-05-26 13:57:23- INFO	 Initializing ExecutorService 'applicationTaskExecutor'
2021-05-26 13:57:23- INFO	 LiveReload server is running on port 35729
2021-05-26 13:57:23- INFO	 HikariPool-2 - Starting...
2021-05-26 13:57:24- INFO	 HikariPool-2 - Start completed.
2021-05-26 13:57:24- INFO	 Tomcat started on port(s): 8080 (http) with context path ''
2021-05-26 13:57:24- INFO	 Started SpringJdbcApplication in 1.473 seconds (JVM running for 278.519)
2021-05-26 13:57:24- INFO	 Condition evaluation unchanged
2021-05-26 13:57:26- INFO	 Shutting down ExecutorService 'applicationTaskExecutor'
2021-05-26 13:57:26- INFO	 HikariPool-2 - Shutdown initiated...
2021-05-26 13:57:26- INFO	 HikariPool-2 - Shutdown completed.
2021-05-26 13:57:26- INFO	 Starting SpringJdbcApplication using Java 14.0.2 on shubhamdes with PID 9580 (D:\1\SpringJdbc\target\classes started by shubhamdes in D:\1\SpringJdbc)
2021-05-26 13:57:26- INFO	 No active profile set, falling back to default profiles: default
2021-05-26 13:57:27- INFO	 Bootstrapping Spring Data JDBC repositories in DEFAULT mode.
2021-05-26 13:57:27- INFO	 Finished Spring Data repository scanning in 2 ms. Found 0 JDBC repository interfaces.
2021-05-26 13:57:27- INFO	 Tomcat initialized with port(s): 8080 (http)
2021-05-26 13:57:27- INFO	 Starting service [Tomcat]
2021-05-26 13:57:27- INFO	 Starting Servlet engine: [Apache Tomcat/9.0.45]
2021-05-26 13:57:27- INFO	 Initializing Spring embedded WebApplicationContext
2021-05-26 13:57:27- INFO	 Root WebApplicationContext: initialization completed in 655 ms
2021-05-26 13:57:27- INFO	 Initializing ExecutorService 'applicationTaskExecutor'
2021-05-26 13:57:27- INFO	 LiveReload server is running on port 35729
2021-05-26 13:57:27- INFO	 HikariPool-3 - Starting...
2021-05-26 13:57:28- INFO	 HikariPool-3 - Start completed.
2021-05-26 13:57:28- INFO	 Tomcat started on port(s): 8080 (http) with context path ''
2021-05-26 13:57:28- INFO	 Started SpringJdbcApplication in 1.464 seconds (JVM running for 282.55)
2021-05-26 13:57:28- INFO	 Condition evaluation unchanged
2021-05-26 14:01:10- INFO	 Shutting down ExecutorService 'applicationTaskExecutor'
2021-05-26 14:01:10- INFO	 HikariPool-3 - Shutdown initiated...
2021-05-26 14:01:10- INFO	 HikariPool-3 - Shutdown completed.
2021-05-26 14:01:10- INFO	 Starting SpringJdbcApplication using Java 14.0.2 on shubhamdes with PID 9580 (D:\1\SpringJdbc\target\classes started by shubhamdes in D:\1\SpringJdbc)
2021-05-26 14:01:10- INFO	 No active profile set, falling back to default profiles: default
2021-05-26 14:01:11- INFO	 Bootstrapping Spring Data JDBC repositories in DEFAULT mode.
2021-05-26 14:01:11- INFO	 Finished Spring Data repository scanning in 2 ms. Found 0 JDBC repository interfaces.
2021-05-26 14:01:11- INFO	 Tomcat initialized with port(s): 8080 (http)
2021-05-26 14:01:11- INFO	 Starting service [Tomcat]
2021-05-26 14:01:11- INFO	 Starting Servlet engine: [Apache Tomcat/9.0.45]
2021-05-26 14:01:11- INFO	 Initializing Spring embedded WebApplicationContext
2021-05-26 14:01:11- INFO	 Root WebApplicationContext: initialization completed in 769 ms
2021-05-26 14:01:11- INFO	 Initializing ExecutorService 'applicationTaskExecutor'
2021-05-26 14:01:11- INFO	 LiveReload server is running on port 35729
2021-05-26 14:01:11- INFO	 HikariPool-4 - Starting...
2021-05-26 14:01:12- INFO	 HikariPool-4 - Start completed.
2021-05-26 14:01:12- INFO	 Tomcat started on port(s): 8080 (http) with context path ''
2021-05-26 14:01:12- INFO	 Started SpringJdbcApplication in 1.753 seconds (JVM running for 506.453)
2021-05-26 14:01:12- INFO	 Condition evaluation unchanged
2021-05-26 14:04:13- INFO	 Application shutdown requested.
2021-05-26 14:04:13- INFO	 Shutting down ExecutorService 'applicationTaskExecutor'
2021-05-26 14:04:13- INFO	 HikariPool-4 - Shutdown initiated...
2021-05-26 14:04:13- INFO	 HikariPool-4 - Shutdown completed.
2021-05-26 14:11:27- INFO	 Starting SpringJdbcApplication using Java 14.0.2 on shubhamdes with PID 7584 (D:\1\SpringJdbc\target\classes started by shubhamdes in D:\1\SpringJdbc)
2021-05-26 14:11:27- INFO	 No active profile set, falling back to default profiles: default
2021-05-26 14:11:27- INFO	 The Class-Path manifest attribute in C:\Users\shubhamdes\.m2\repository\com\oracle\database\jdbc\ojdbc8\19.8.0.0\ojdbc8-19.8.0.0.jar referenced one or more files that do not exist: file:/C:/Users/shubhamdes/.m2/repository/com/oracle/database/jdbc/ojdbc8/19.8.0.0/oraclepki.jar
2021-05-26 14:11:27- INFO	 Devtools property defaults active! Set 'spring.devtools.add-properties' to 'false' to disable
2021-05-26 14:11:27- INFO	 For additional web related logging consider setting the 'logging.level.web' property to 'DEBUG'
2021-05-26 14:11:28- INFO	 Bootstrapping Spring Data JDBC repositories in DEFAULT mode.
2021-05-26 14:11:28- INFO	 Finished Spring Data repository scanning in 8 ms. Found 0 JDBC repository interfaces.
2021-05-26 14:11:29- INFO	 Tomcat initialized with port(s): 8080 (http)
2021-05-26 14:11:29- INFO	 Starting service [Tomcat]
2021-05-26 14:11:29- INFO	 Starting Servlet engine: [Apache Tomcat/9.0.45]
2021-05-26 14:11:29- INFO	 Initializing Spring embedded WebApplicationContext
2021-05-26 14:11:29- INFO	 Root WebApplicationContext: initialization completed in 2470 ms
2021-05-26 14:11:30- INFO	 Initializing ExecutorService 'applicationTaskExecutor'
2021-05-26 14:11:30- INFO	 LiveReload server is running on port 35729
2021-05-26 14:11:30- INFO	 HikariPool-1 - Starting...
2021-05-26 14:11:31- INFO	 HikariPool-1 - Start completed.
2021-05-26 14:11:31- INFO	 Tomcat started on port(s): 8080 (http) with context path ''
2021-05-26 14:11:32- INFO	 Started SpringJdbcApplication in 5.57 seconds (JVM running for 6.998)
2021-05-26 14:11:40- INFO	 Initializing Spring DispatcherServlet 'dispatcherServlet'
2021-05-26 14:11:40- INFO	 Initializing Servlet 'dispatcherServlet'
2021-05-26 14:11:40- INFO	 Completed initialization in 2 ms
2021-05-26 14:13:42- INFO	 Shutting down ExecutorService 'applicationTaskExecutor'
2021-05-26 14:13:42- INFO	 HikariPool-1 - Shutdown initiated...
2021-05-26 14:13:42- INFO	 HikariPool-1 - Shutdown completed.
2021-05-26 14:13:42- INFO	 Starting SpringJdbcApplication using Java 14.0.2 on shubhamdes with PID 7584 (D:\1\SpringJdbc\target\classes started by shubhamdes in D:\1\SpringJdbc)
2021-05-26 14:13:42- INFO	 No active profile set, falling back to default profiles: default
2021-05-26 14:13:42- INFO	 Bootstrapping Spring Data JDBC repositories in DEFAULT mode.
2021-05-26 14:13:42- INFO	 Finished Spring Data repository scanning in 3 ms. Found 0 JDBC repository interfaces.
2021-05-26 14:13:43- INFO	 Tomcat initialized with port(s): 8080 (http)
2021-05-26 14:13:43- INFO	 Starting service [Tomcat]
2021-05-26 14:13:43- INFO	 Starting Servlet engine: [Apache Tomcat/9.0.45]
2021-05-26 14:13:43- INFO	 Initializing Spring embedded WebApplicationContext
2021-05-26 14:13:43- INFO	 Root WebApplicationContext: initialization completed in 651 ms
2021-05-26 14:13:43- INFO	 Initializing ExecutorService 'applicationTaskExecutor'
2021-05-26 14:13:43- INFO	 LiveReload server is running on port 35729
2021-05-26 14:13:43- INFO	 HikariPool-2 - Starting...
2021-05-26 14:13:44- INFO	 HikariPool-2 - Start completed.
2021-05-26 14:13:44- INFO	 Tomcat started on port(s): 8080 (http) with context path ''
2021-05-26 14:13:44- INFO	 Started SpringJdbcApplication in 1.869 seconds (JVM running for 139.095)
2021-05-26 14:13:44- INFO	 Condition evaluation unchanged
2021-05-26 14:14:14- INFO	 Shutting down ExecutorService 'applicationTaskExecutor'
2021-05-26 14:14:14- INFO	 HikariPool-2 - Shutdown initiated...
2021-05-26 14:14:14- INFO	 HikariPool-2 - Shutdown completed.
2021-05-26 14:14:14- INFO	 Starting SpringJdbcApplication using Java 14.0.2 on shubhamdes with PID 7584 (D:\1\SpringJdbc\target\classes started by shubhamdes in D:\1\SpringJdbc)
2021-05-26 14:14:14- INFO	 No active profile set, falling back to default profiles: default
2021-05-26 14:14:14- INFO	 Bootstrapping Spring Data JDBC repositories in DEFAULT mode.
2021-05-26 14:14:14- INFO	 Finished Spring Data repository scanning in 9 ms. Found 0 JDBC repository interfaces.
2021-05-26 14:14:15- INFO	 Tomcat initialized with port(s): 8080 (http)
2021-05-26 14:14:15- INFO	 Starting service [Tomcat]
2021-05-26 14:14:15- INFO	 Starting Servlet engine: [Apache Tomcat/9.0.45]
2021-05-26 14:14:15- INFO	 Initializing Spring embedded WebApplicationContext
2021-05-26 14:14:15- INFO	 Root WebApplicationContext: initialization completed in 632 ms
2021-05-26 14:14:15- INFO	 Initializing ExecutorService 'applicationTaskExecutor'
2021-05-26 14:14:15- INFO	 LiveReload server is running on port 35729
2021-05-26 14:14:15- INFO	 HikariPool-3 - Starting...
2021-05-26 14:14:15- INFO	 HikariPool-3 - Start completed.
2021-05-26 14:14:15- INFO	 Tomcat started on port(s): 8080 (http) with context path ''
2021-05-26 14:14:15- INFO	 Started SpringJdbcApplication in 1.339 seconds (JVM running for 170.507)
2021-05-26 14:14:15- INFO	 Condition evaluation unchanged
2021-05-26 14:31:08- INFO	 Application shutdown requested.
2021-05-26 14:31:08- INFO	 Shutting down ExecutorService 'applicationTaskExecutor'
2021-05-26 14:31:08- INFO	 HikariPool-3 - Shutdown initiated...
2021-05-26 14:31:08- INFO	 HikariPool-3 - Shutdown completed.
2021-05-26 16:11:34- INFO	 Starting SpringJdbcApplication using Java 14.0.2 on shubhamdes with PID 6764 (D:\1\SpringJdbc\target\classes started by shubhamdes in D:\1\SpringJdbc)
2021-05-26 16:11:34- INFO	 No active profile set, falling back to default profiles: default
2021-05-26 16:11:35- INFO	 The Class-Path manifest attribute in C:\Users\shubhamdes\.m2\repository\com\oracle\database\jdbc\ojdbc8\19.8.0.0\ojdbc8-19.8.0.0.jar referenced one or more files that do not exist: file:/C:/Users/shubhamdes/.m2/repository/com/oracle/database/jdbc/ojdbc8/19.8.0.0/oraclepki.jar
2021-05-26 16:11:35- INFO	 Devtools property defaults active! Set 'spring.devtools.add-properties' to 'false' to disable
2021-05-26 16:11:35- INFO	 For additional web related logging consider setting the 'logging.level.web' property to 'DEBUG'
2021-05-26 16:11:36- INFO	 Bootstrapping Spring Data JDBC repositories in DEFAULT mode.
2021-05-26 16:11:36- INFO	 Finished Spring Data repository scanning in 9 ms. Found 0 JDBC repository interfaces.
2021-05-26 16:11:37- INFO	 Tomcat initialized with port(s): 8080 (http)
2021-05-26 16:11:37- INFO	 Starting service [Tomcat]
2021-05-26 16:11:37- INFO	 Starting Servlet engine: [Apache Tomcat/9.0.45]
2021-05-26 16:11:38- INFO	 Initializing Spring embedded WebApplicationContext
2021-05-26 16:11:38- INFO	 Root WebApplicationContext: initialization completed in 2785 ms
2021-05-26 16:11:39- INFO	 Initializing ExecutorService 'applicationTaskExecutor'
2021-05-26 16:11:39- INFO	 LiveReload server is running on port 35729
2021-05-26 16:11:39- INFO	 HikariPool-1 - Starting...
2021-05-26 16:11:39- INFO	 HikariPool-1 - Start completed.
2021-05-26 16:11:39- INFO	 Tomcat started on port(s): 8080 (http) with context path ''
2021-05-26 16:11:40- INFO	 Started SpringJdbcApplication in 6.508 seconds (JVM running for 22.536)
2021-05-26 16:12:14- INFO	 Initializing Spring DispatcherServlet 'dispatcherServlet'
2021-05-26 16:12:14- INFO	 Initializing Servlet 'dispatcherServlet'
2021-05-26 16:12:14- INFO	 Completed initialization in 3 ms
2021-05-26 16:43:22- INFO	 Application shutdown requested.
2021-05-26 16:43:22- INFO	 Shutting down ExecutorService 'applicationTaskExecutor'
2021-05-26 16:43:22- INFO	 HikariPool-1 - Shutdown initiated...
2021-05-26 16:43:22- INFO	 HikariPool-1 - Shutdown completed.
2021-05-26 16:46:50- INFO	 Starting SpringJdbcApplication using Java 14.0.2 on shubhamdes with PID 10404 (D:\1\SpringJdbc\target\classes started by shubhamdes in D:\1\SpringJdbc)
2021-05-26 16:46:50- INFO	 No active profile set, falling back to default profiles: default
2021-05-26 16:46:50- INFO	 The Class-Path manifest attribute in C:\Users\shubhamdes\.m2\repository\com\oracle\database\jdbc\ojdbc8\19.8.0.0\ojdbc8-19.8.0.0.jar referenced one or more files that do not exist: file:/C:/Users/shubhamdes/.m2/repository/com/oracle/database/jdbc/ojdbc8/19.8.0.0/oraclepki.jar
2021-05-26 16:46:50- INFO	 Devtools property defaults active! Set 'spring.devtools.add-properties' to 'false' to disable
2021-05-26 16:46:50- INFO	 For additional web related logging consider setting the 'logging.level.web' property to 'DEBUG'
2021-05-26 16:46:52- INFO	 Bootstrapping Spring Data JDBC repositories in DEFAULT mode.
2021-05-26 16:46:52- INFO	 Finished Spring Data repository scanning in 8 ms. Found 0 JDBC repository interfaces.
2021-05-26 16:46:52- INFO	 Tomcat initialized with port(s): 8080 (http)
2021-05-26 16:46:52- INFO	 Starting service [Tomcat]
2021-05-26 16:46:52- INFO	 Starting Servlet engine: [Apache Tomcat/9.0.45]
2021-05-26 16:46:53- INFO	 Initializing Spring embedded WebApplicationContext
2021-05-26 16:46:53- INFO	 Root WebApplicationContext: initialization completed in 2148 ms
2021-05-26 16:46:54- INFO	 Initializing ExecutorService 'applicationTaskExecutor'
2021-05-26 16:46:54- INFO	 LiveReload server is running on port 35729
2021-05-26 16:46:54- INFO	 HikariPool-1 - Starting...
2021-05-26 16:46:55- INFO	 HikariPool-1 - Start completed.
2021-05-26 16:46:55- INFO	 Tomcat started on port(s): 8080 (http) with context path ''
2021-05-26 16:46:56- INFO	 Started SpringJdbcApplication in 6.239 seconds (JVM running for 7.448)
2021-05-26 16:47:36- INFO	 Initializing Spring DispatcherServlet 'dispatcherServlet'
2021-05-26 16:47:36- INFO	 Initializing Servlet 'dispatcherServlet'
2021-05-26 16:47:36- INFO	 Completed initialization in 1 ms
2021-05-26 16:50:59- INFO	 Shutting down ExecutorService 'applicationTaskExecutor'
2021-05-26 16:50:59- INFO	 HikariPool-1 - Shutdown initiated...
2021-05-26 16:50:59- INFO	 HikariPool-1 - Shutdown completed.
2021-05-26 16:50:59- INFO	 Starting SpringJdbcApplication using Java 14.0.2 on shubhamdes with PID 10404 (D:\1\SpringJdbc\target\classes started by shubhamdes in D:\1\SpringJdbc)
2021-05-26 16:50:59- INFO	 No active profile set, falling back to default profiles: default
2021-05-26 16:51:00- INFO	 Bootstrapping Spring Data JDBC repositories in DEFAULT mode.
2021-05-26 16:51:00- INFO	 Finished Spring Data repository scanning in 3 ms. Found 0 JDBC repository interfaces.
2021-05-26 16:51:00- INFO	 Tomcat initialized with port(s): 8080 (http)
2021-05-26 16:51:00- INFO	 Starting service [Tomcat]
2021-05-26 16:51:00- INFO	 Starting Servlet engine: [Apache Tomcat/9.0.45]
2021-05-26 16:51:00- INFO	 Initializing Spring embedded WebApplicationContext
2021-05-26 16:51:00- INFO	 Root WebApplicationContext: initialization completed in 755 ms
2021-05-26 16:51:00- INFO	 Initializing ExecutorService 'applicationTaskExecutor'
2021-05-26 16:51:00- INFO	 LiveReload server is running on port 35729
2021-05-26 16:51:00- INFO	 HikariPool-2 - Starting...
2021-05-26 16:51:00- INFO	 HikariPool-2 - Start completed.
2021-05-26 16:51:00- INFO	 Tomcat started on port(s): 8080 (http) with context path ''
2021-05-26 16:51:01- INFO	 Started SpringJdbcApplication in 1.596 seconds (JVM running for 251.924)
2021-05-26 16:51:01- INFO	 Condition evaluation unchanged
2021-05-26 16:51:37- INFO	 Shutting down ExecutorService 'applicationTaskExecutor'
2021-05-26 16:51:37- INFO	 HikariPool-2 - Shutdown initiated...
2021-05-26 16:51:37- INFO	 HikariPool-2 - Shutdown completed.
2021-05-26 16:51:37- INFO	 Starting SpringJdbcApplication using Java 14.0.2 on shubhamdes with PID 10404 (D:\1\SpringJdbc\target\classes started by shubhamdes in D:\1\SpringJdbc)
2021-05-26 16:51:37- INFO	 No active profile set, falling back to default profiles: default
2021-05-26 16:51:38- INFO	 Bootstrapping Spring Data JDBC repositories in DEFAULT mode.
2021-05-26 16:51:38- INFO	 Finished Spring Data repository scanning in 5 ms. Found 0 JDBC repository interfaces.
2021-05-26 16:51:38- INFO	 Tomcat initialized with port(s): 8080 (http)
2021-05-26 16:51:38- INFO	 Starting service [Tomcat]
2021-05-26 16:51:38- INFO	 Starting Servlet engine: [Apache Tomcat/9.0.45]
2021-05-26 16:51:38- INFO	 Initializing Spring embedded WebApplicationContext
2021-05-26 16:51:38- INFO	 Root WebApplicationContext: initialization completed in 641 ms
2021-05-26 16:51:38- INFO	 Initializing ExecutorService 'applicationTaskExecutor'
2021-05-26 16:51:38- INFO	 LiveReload server is running on port 35729
2021-05-26 16:51:39- INFO	 HikariPool-3 - Starting...
2021-05-26 16:51:39- INFO	 HikariPool-3 - Start completed.
2021-05-26 16:51:39- INFO	 Tomcat started on port(s): 8080 (http) with context path ''
2021-05-26 16:51:40- INFO	 Started SpringJdbcApplication in 2.453 seconds (JVM running for 291.211)
2021-05-26 16:51:40- INFO	 Condition evaluation unchanged
2021-05-26 16:52:09- INFO	 Shutting down ExecutorService 'applicationTaskExecutor'
2021-05-26 16:52:09- INFO	 HikariPool-3 - Shutdown initiated...
2021-05-26 16:52:09- INFO	 HikariPool-3 - Shutdown completed.
2021-05-26 16:52:09- INFO	 Starting SpringJdbcApplication using Java 14.0.2 on shubhamdes with PID 10404 (D:\1\SpringJdbc\target\classes started by shubhamdes in D:\1\SpringJdbc)
2021-05-26 16:52:09- INFO	 No active profile set, falling back to default profiles: default
2021-05-26 16:52:10- INFO	 Bootstrapping Spring Data JDBC repositories in DEFAULT mode.
2021-05-26 16:52:10- INFO	 Finished Spring Data repository scanning in 2 ms. Found 0 JDBC repository interfaces.
2021-05-26 16:52:10- INFO	 Tomcat initialized with port(s): 8080 (http)
2021-05-26 16:52:10- INFO	 Starting service [Tomcat]
2021-05-26 16:52:10- INFO	 Starting Servlet engine: [Apache Tomcat/9.0.45]
2021-05-26 16:52:10- INFO	 Initializing Spring embedded WebApplicationContext
2021-05-26 16:52:10- INFO	 Root WebApplicationContext: initialization completed in 934 ms
2021-05-26 16:52:11- INFO	 Initializing ExecutorService 'applicationTaskExecutor'
2021-05-26 16:52:11- INFO	 LiveReload server is running on port 35729
2021-05-26 16:52:11- INFO	 HikariPool-4 - Starting...
2021-05-26 16:52:11- INFO	 HikariPool-4 - Start completed.
2021-05-26 16:52:12- INFO	 Tomcat started on port(s): 8080 (http) with context path ''
2021-05-26 16:52:12- INFO	 Started SpringJdbcApplication in 2.342 seconds (JVM running for 323.024)
2021-05-26 16:52:12- INFO	 Condition evaluation unchanged
2021-05-26 16:52:38- INFO	 Shutting down ExecutorService 'applicationTaskExecutor'
2021-05-26 16:52:38- INFO	 HikariPool-4 - Shutdown initiated...
2021-05-26 16:52:39- INFO	 HikariPool-4 - Shutdown completed.
2021-05-26 16:52:39- INFO	 Starting SpringJdbcApplication using Java 14.0.2 on shubhamdes with PID 10404 (D:\1\SpringJdbc\target\classes started by shubhamdes in D:\1\SpringJdbc)
2021-05-26 16:52:39- INFO	 No active profile set, falling back to default profiles: default
2021-05-26 16:52:39- INFO	 Bootstrapping Spring Data JDBC repositories in DEFAULT mode.
2021-05-26 16:52:39- INFO	 Finished Spring Data repository scanning in 2 ms. Found 0 JDBC repository interfaces.
2021-05-26 16:52:39- INFO	 Tomcat initialized with port(s): 8080 (http)
2021-05-26 16:52:39- INFO	 Starting service [Tomcat]
2021-05-26 16:52:39- INFO	 Starting Servlet engine: [Apache Tomcat/9.0.45]
2021-05-26 16:52:39- INFO	 Initializing Spring embedded WebApplicationContext
2021-05-26 16:52:39- INFO	 Root WebApplicationContext: initialization completed in 726 ms
2021-05-26 16:52:40- INFO	 Initializing ExecutorService 'applicationTaskExecutor'
2021-05-26 16:52:40- INFO	 LiveReload server is running on port 35729
2021-05-26 16:52:40- INFO	 HikariPool-5 - Starting...
2021-05-26 16:52:40- INFO	 HikariPool-5 - Start completed.
2021-05-26 16:52:40- INFO	 Tomcat started on port(s): 8080 (http) with context path ''
2021-05-26 16:52:40- INFO	 Started SpringJdbcApplication in 1.366 seconds (JVM running for 351.397)
2021-05-26 16:52:40- INFO	 Condition evaluation unchanged
2021-05-26 16:53:13- INFO	 Shutting down ExecutorService 'applicationTaskExecutor'
2021-05-26 16:53:13- INFO	 HikariPool-5 - Shutdown initiated...
2021-05-26 16:53:13- INFO	 HikariPool-5 - Shutdown completed.
2021-05-26 16:53:13- INFO	 Starting SpringJdbcApplication using Java 14.0.2 on shubhamdes with PID 10404 (D:\1\SpringJdbc\target\classes started by shubhamdes in D:\1\SpringJdbc)
2021-05-26 16:53:13- INFO	 No active profile set, falling back to default profiles: default
2021-05-26 16:53:14- INFO	 Bootstrapping Spring Data JDBC repositories in DEFAULT mode.
2021-05-26 16:53:14- INFO	 Finished Spring Data repository scanning in 3 ms. Found 0 JDBC repository interfaces.
2021-05-26 16:53:14- INFO	 Tomcat initialized with port(s): 8080 (http)
2021-05-26 16:53:14- INFO	 Starting service [Tomcat]
2021-05-26 16:53:14- INFO	 Starting Servlet engine: [Apache Tomcat/9.0.45]
2021-05-26 16:53:14- INFO	 Initializing Spring embedded WebApplicationContext
2021-05-26 16:53:14- INFO	 Root WebApplicationContext: initialization completed in 1131 ms
2021-05-26 16:53:15- INFO	 Initializing ExecutorService 'applicationTaskExecutor'
2021-05-26 16:53:15- INFO	 LiveReload server is running on port 35729
2021-05-26 16:53:15- INFO	 HikariPool-6 - Starting...
2021-05-26 16:53:15- INFO	 HikariPool-6 - Start completed.
2021-05-26 16:53:15- INFO	 Tomcat started on port(s): 8080 (http) with context path ''
2021-05-26 16:53:15- INFO	 Started SpringJdbcApplication in 1.762 seconds (JVM running for 386.444)
2021-05-26 16:53:15- INFO	 Condition evaluation unchanged
2021-05-26 16:54:44- INFO	 Shutting down ExecutorService 'applicationTaskExecutor'
2021-05-26 16:54:44- INFO	 HikariPool-6 - Shutdown initiated...
2021-05-26 16:54:44- INFO	 HikariPool-6 - Shutdown completed.
2021-05-26 16:54:44- INFO	 Starting SpringJdbcApplication using Java 14.0.2 on shubhamdes with PID 10404 (D:\1\SpringJdbc\target\classes started by shubhamdes in D:\1\SpringJdbc)
2021-05-26 16:54:44- INFO	 No active profile set, falling back to default profiles: default
2021-05-26 16:54:45- INFO	 Bootstrapping Spring Data JDBC repositories in DEFAULT mode.
2021-05-26 16:54:45- INFO	 Finished Spring Data repository scanning in 3 ms. Found 0 JDBC repository interfaces.
2021-05-26 16:54:45- INFO	 Tomcat initialized with port(s): 8080 (http)
2021-05-26 16:54:45- INFO	 Starting service [Tomcat]
2021-05-26 16:54:45- INFO	 Starting Servlet engine: [Apache Tomcat/9.0.45]
2021-05-26 16:54:45- INFO	 Initializing Spring embedded WebApplicationContext
2021-05-26 16:54:45- INFO	 Root WebApplicationContext: initialization completed in 661 ms
2021-05-26 16:54:45- INFO	 Initializing ExecutorService 'applicationTaskExecutor'
2021-05-26 16:54:45- INFO	 LiveReload server is running on port 35729
2021-05-26 16:54:45- INFO	 HikariPool-7 - Starting...
2021-05-26 16:54:46- INFO	 HikariPool-7 - Start completed.
2021-05-26 16:54:46- INFO	 Tomcat started on port(s): 8080 (http) with context path ''
2021-05-26 16:54:46- INFO	 Started SpringJdbcApplication in 1.279 seconds (JVM running for 477.121)
2021-05-26 16:54:46- INFO	 Condition evaluation unchanged
2021-05-26 16:54:49- INFO	 Shutting down ExecutorService 'applicationTaskExecutor'
2021-05-26 16:54:49- INFO	 HikariPool-7 - Shutdown initiated...
2021-05-26 16:54:49- INFO	 HikariPool-7 - Shutdown completed.
2021-05-26 16:54:49- INFO	 Starting SpringJdbcApplication using Java 14.0.2 on shubhamdes with PID 10404 (D:\1\SpringJdbc\target\classes started by shubhamdes in D:\1\SpringJdbc)
2021-05-26 16:54:49- INFO	 No active profile set, falling back to default profiles: default
2021-05-26 16:54:49- INFO	 Bootstrapping Spring Data JDBC repositories in DEFAULT mode.
2021-05-26 16:54:49- INFO	 Finished Spring Data repository scanning in 2 ms. Found 0 JDBC repository interfaces.
2021-05-26 16:54:49- INFO	 Tomcat initialized with port(s): 8080 (http)
2021-05-26 16:54:49- INFO	 Starting service [Tomcat]
2021-05-26 16:54:49- INFO	 Starting Servlet engine: [Apache Tomcat/9.0.45]
2021-05-26 16:54:50- INFO	 Initializing Spring embedded WebApplicationContext
2021-05-26 16:54:50- INFO	 Root WebApplicationContext: initialization completed in 690 ms
2021-05-26 16:54:50- INFO	 Initializing ExecutorService 'applicationTaskExecutor'
2021-05-26 16:54:50- INFO	 LiveReload server is running on port 35729
2021-05-26 16:54:50- INFO	 HikariPool-8 - Starting...
2021-05-26 16:54:50- INFO	 HikariPool-8 - Start completed.
2021-05-26 16:54:50- INFO	 Tomcat started on port(s): 8080 (http) with context path ''
2021-05-26 16:54:50- INFO	 Started SpringJdbcApplication in 1.646 seconds (JVM running for 481.839)
2021-05-26 16:54:50- INFO	 Condition evaluation unchanged
2021-05-26 16:54:56- INFO	 Shutting down ExecutorService 'applicationTaskExecutor'
2021-05-26 16:54:56- INFO	 HikariPool-8 - Shutdown initiated...
2021-05-26 16:54:56- INFO	 HikariPool-8 - Shutdown completed.
2021-05-26 16:54:57- INFO	 Starting SpringJdbcApplication using Java 14.0.2 on shubhamdes with PID 10404 (D:\1\SpringJdbc\target\classes started by shubhamdes in D:\1\SpringJdbc)
2021-05-26 16:54:57- INFO	 No active profile set, falling back to default profiles: default
2021-05-26 16:54:57- INFO	 Bootstrapping Spring Data JDBC repositories in DEFAULT mode.
2021-05-26 16:54:57- INFO	 Finished Spring Data repository scanning in 2 ms. Found 0 JDBC repository interfaces.
2021-05-26 16:54:57- INFO	 Tomcat initialized with port(s): 8080 (http)
2021-05-26 16:54:57- INFO	 Starting service [Tomcat]
2021-05-26 16:54:57- INFO	 Starting Servlet engine: [Apache Tomcat/9.0.45]
2021-05-26 16:54:57- INFO	 Initializing Spring embedded WebApplicationContext
2021-05-26 16:54:57- INFO	 Root WebApplicationContext: initialization completed in 731 ms
2021-05-26 16:54:58- INFO	 Initializing ExecutorService 'applicationTaskExecutor'
2021-05-26 16:54:58- INFO	 LiveReload server is running on port 35729
2021-05-26 16:54:58- INFO	 HikariPool-9 - Starting...
2021-05-26 16:54:58- INFO	 HikariPool-9 - Start completed.
2021-05-26 16:54:58- INFO	 Tomcat started on port(s): 8080 (http) with context path ''
2021-05-26 16:54:58- INFO	 Started SpringJdbcApplication in 1.756 seconds (JVM running for 489.762)
2021-05-26 16:54:58- INFO	 Condition evaluation unchanged
2021-05-26 16:55:05- INFO	 Shutting down ExecutorService 'applicationTaskExecutor'
2021-05-26 16:55:05- INFO	 HikariPool-9 - Shutdown initiated...
2021-05-26 16:55:05- INFO	 HikariPool-9 - Shutdown completed.
2021-05-26 16:55:05- INFO	 Starting SpringJdbcApplication using Java 14.0.2 on shubhamdes with PID 10404 (D:\1\SpringJdbc\target\classes started by shubhamdes in D:\1\SpringJdbc)
2021-05-26 16:55:05- INFO	 No active profile set, falling back to default profiles: default
2021-05-26 16:55:05- INFO	 Bootstrapping Spring Data JDBC repositories in DEFAULT mode.
2021-05-26 16:55:05- INFO	 Finished Spring Data repository scanning in 2 ms. Found 0 JDBC repository interfaces.
2021-05-26 16:55:05- INFO	 Tomcat initialized with port(s): 8080 (http)
2021-05-26 16:55:05- INFO	 Starting service [Tomcat]
2021-05-26 16:55:05- INFO	 Starting Servlet engine: [Apache Tomcat/9.0.45]
2021-05-26 16:55:05- INFO	 Initializing Spring embedded WebApplicationContext
2021-05-26 16:55:05- INFO	 Root WebApplicationContext: initialization completed in 565 ms
2021-05-26 16:55:06- INFO	 Initializing ExecutorService 'applicationTaskExecutor'
2021-05-26 16:55:06- INFO	 LiveReload server is running on port 35729
2021-05-26 16:55:06- INFO	 HikariPool-10 - Starting...
2021-05-26 16:55:06- INFO	 HikariPool-10 - Start completed.
2021-05-26 16:55:06- INFO	 Tomcat started on port(s): 8080 (http) with context path ''
2021-05-26 16:55:06- INFO	 Started SpringJdbcApplication in 1.195 seconds (JVM running for 497.396)
2021-05-26 16:55:06- INFO	 Condition evaluation unchanged
2021-05-26 16:55:08- INFO	 Application shutdown requested.
2021-05-26 16:55:08- INFO	 Shutting down ExecutorService 'applicationTaskExecutor'
2021-05-26 16:55:08- INFO	 HikariPool-10 - Shutdown initiated...
2021-05-26 16:55:08- INFO	 HikariPool-10 - Shutdown completed.
2021-05-26 16:56:53- INFO	 Starting SpringJdbcApplication using Java 14.0.2 on shubhamdes with PID 10868 (D:\1\SpringJdbc\target\classes started by shubhamdes in D:\1\SpringJdbc)
2021-05-26 16:56:53- INFO	 No active profile set, falling back to default profiles: default
2021-05-26 16:56:53- INFO	 The Class-Path manifest attribute in C:\Users\shubhamdes\.m2\repository\com\oracle\database\jdbc\ojdbc8\19.8.0.0\ojdbc8-19.8.0.0.jar referenced one or more files that do not exist: file:/C:/Users/shubhamdes/.m2/repository/com/oracle/database/jdbc/ojdbc8/19.8.0.0/oraclepki.jar
2021-05-26 16:56:53- INFO	 Devtools property defaults active! Set 'spring.devtools.add-properties' to 'false' to disable
2021-05-26 16:56:53- INFO	 For additional web related logging consider setting the 'logging.level.web' property to 'DEBUG'
2021-05-26 16:56:54- INFO	 Bootstrapping Spring Data JDBC repositories in DEFAULT mode.
2021-05-26 16:56:54- INFO	 Finished Spring Data repository scanning in 9 ms. Found 0 JDBC repository interfaces.
2021-05-26 16:56:55- INFO	 Tomcat initialized with port(s): 8080 (http)
2021-05-26 16:56:55- INFO	 Starting service [Tomcat]
2021-05-26 16:56:55- INFO	 Starting Servlet engine: [Apache Tomcat/9.0.45]
2021-05-26 16:56:55- INFO	 Initializing Spring embedded WebApplicationContext
2021-05-26 16:56:55- INFO	 Root WebApplicationContext: initialization completed in 2337 ms
2021-05-26 16:56:56- INFO	 Initializing ExecutorService 'applicationTaskExecutor'
2021-05-26 16:56:56- INFO	 LiveReload server is running on port 35729
2021-05-26 16:56:56- INFO	 HikariPool-1 - Starting...
2021-05-26 16:56:57- INFO	 HikariPool-1 - Start completed.
2021-05-26 16:56:57- INFO	 Tomcat started on port(s): 8080 (http) with context path ''
2021-05-26 16:56:57- INFO	 Started SpringJdbcApplication in 5.237 seconds (JVM running for 6.552)
2021-05-26 16:58:14- INFO	 Initializing Spring DispatcherServlet 'dispatcherServlet'
2021-05-26 16:58:14- INFO	 Initializing Servlet 'dispatcherServlet'
2021-05-26 16:58:14- INFO	 Completed initialization in 2 ms
2021-05-26 16:58:14- INFO	 Employee added sucessfully
2021-05-26 16:58:19-ERROR	 Employee with provided Id already exists
2021-05-26 16:58:19- WARN	 Resolved [com.example.exception.EmployeeAlreadyExist: Employee with provided Id already exists]
2021-05-26 16:58:32-ERROR	 No employee found to delete
2021-05-26 16:58:32- WARN	 Resolved [com.example.exception.NoEmployeeFound: Employee with given Employee Id not found]
2021-05-26 16:58:41- INFO	 Employee deleted sucessfully 
2021-05-26 16:58:49- INFO	 Employee list found 
2021-05-26 16:59:11- INFO	 Employee list found 
2021-05-26 16:59:11- INFO	 List with expected department sent
2021-05-26 16:59:21- INFO	 Employee list found 
2021-05-26 16:59:21-ERROR	 Could not find employees with given department
2021-05-26 16:59:21- WARN	 Resolved [com.example.exception.NoEmployeeFound: Could not find employees with given department]
2021-05-26 16:59:27- INFO	 Employee list found 
2021-05-26 16:59:39- INFO	 Employee list found 
2021-05-26 16:59:39- INFO	 List with expected department sent
2021-05-26 16:59:51- INFO	 Employee found sucessfully
2021-05-26 16:59:59-ERROR	 No employee found with input Employee Id
2021-05-26 16:59:59- WARN	 Resolved [com.example.exception.NoEmployeeFound: No employee found with input Employee Id]
2021-05-26 17:00:23- INFO	 Employee list found 
2021-05-26 17:00:23- INFO	 List with expected salary range sent
2021-05-26 17:01:51- INFO	 Employee list found 
2021-05-26 17:02:21- INFO	 Employee list found 
2021-05-26 17:02:30- INFO	 Employee list found 
2021-05-26 17:02:30- WARN	 Resolved [com.example.exception.NoEmployeeFound: No employee found for given requirements]
2021-05-26 17:03:26- INFO	 Employee updated sucessfully 
2021-05-26 17:03:27- INFO	 Employee updated sucessfully 
2021-05-26 17:03:40- INFO	 Employee found sucessfully
2021-05-26 17:04:52- INFO	 Application shutdown requested.
2021-05-26 17:04:52- INFO	 Shutting down ExecutorService 'applicationTaskExecutor'
2021-05-26 17:04:52- INFO	 HikariPool-1 - Shutdown initiated...
2021-05-26 17:04:52- INFO	 HikariPool-1 - Shutdown completed.
